<?xml version="1.0" encoding="UTF-8"?>
<!-- Generated by org.testng.reporters.JUnitReportReporter -->
<testsuite hostname="LAPTOP-O0IKMCG4" failures="0" tests="3" name="com.atc.test.NewTest" time="32.602" errors="0" timestamp="14 Mar 2020 11:23:42 GMT">
  <testcase classname="com.atc.test.NewTest" name="addProductandCheckOut" time="28.708"/>
  <testcase classname="com.atc.test.NewTest" name="signOutTest" time="0.002"/>
  <testcase classname="com.atc.test.NewTest" name="loginTest" time="3.892"/>
</testsuite> <!-- com.atc.test.NewTest -->
